code/Android/V2rayNG/app/build/intermediates/manifest_merge_blame_file/playstoreDebug/processPlaystoreDebugMainManifest/manifest-merger-blame-playstore-debug-report.txt
1<?xml version="1.0" encoding="utf-8"?>
2<manifest xmlns:android="http://schemas.android.com/apk/res/android"
3    package="com.v2ray.ang"
4    android:versionCode="4000717"
5    android:versionName="2.0.17" >
6
7    <uses-sdk
7-->INJECTED
8        android:minSdkVersion="24"
8-->INJECTED
9        android:targetSdkVersion="36" />
9-->INJECTED
10
11    <supports-screens
11-->src/main/AndroidManifest.xml:6:5-11:40
12        android:anyDensity="true"
12-->src/main/AndroidManifest.xml:7:9-34
13        android:largeScreens="true"
13-->src/main/AndroidManifest.xml:8:9-36
14        android:normalScreens="true"
14-->src/main/AndroidManifest.xml:9:9-37
15        android:smallScreens="true"
15-->src/main/AndroidManifest.xml:10:9-36
16        android:xlargeScreens="true" />
16-->src/main/AndroidManifest.xml:11:9-37
17
18    <uses-feature
18-->src/main/AndroidManifest.xml:13:5-15:36
19        android:name="android.hardware.camera"
19-->src/main/AndroidManifest.xml:14:9-47
20        android:required="false" />
20-->src/main/AndroidManifest.xml:15:9-33
21    <uses-feature
21-->src/main/AndroidManifest.xml:16:5-18:36
22        android:name="android.hardware.camera.autofocus"
22-->src/main/AndroidManifest.xml:17:9-57
23        android:required="false" />
23-->src/main/AndroidManifest.xml:18:9-33
24    <uses-feature
24-->src/main/AndroidManifest.xml:19:5-21:36
25        android:name="android.software.leanback"
25-->src/main/AndroidManifest.xml:20:9-49
26        android:required="false" />
26-->src/main/AndroidManifest.xml:21:9-33
27    <uses-feature
27-->src/main/AndroidManifest.xml:22:5-24:36
28        android:name="android.hardware.touchscreen"
28-->src/main/AndroidManifest.xml:23:9-52
29        android:required="false" />
29-->src/main/AndroidManifest.xml:24:9-33
30
31    <!-- https://developer.android.com/about/versions/11/privacy/package-visibility -->
32    <uses-permission android:name="android.permission.QUERY_ALL_PACKAGES" />
32-->src/main/AndroidManifest.xml:27:5-29:77
32-->src/main/AndroidManifest.xml:28:9-61
33    <uses-permission android:name="android.permission.ACCESS_NETWORK_STATE" />
33-->src/main/AndroidManifest.xml:30:5-79
33-->src/main/AndroidManifest.xml:30:22-76
34    <uses-permission android:name="android.permission.CHANGE_NETWORK_STATE" />
34-->src/main/AndroidManifest.xml:31:5-79
34-->src/main/AndroidManifest.xml:31:22-76
35    <uses-permission android:name="android.permission.INTERNET" />
35-->src/main/AndroidManifest.xml:32:5-67
35-->src/main/AndroidManifest.xml:32:22-64
36    <uses-permission android:name="android.permission.READ_EXTERNAL_STORAGE" />
36-->src/main/AndroidManifest.xml:33:5-80
36-->src/main/AndroidManifest.xml:33:22-77
37    <uses-permission android:name="android.permission.CAMERA" />
37-->src/main/AndroidManifest.xml:34:5-65
37-->src/main/AndroidManifest.xml:34:22-62
38    <uses-permission android:name="android.permission.FOREGROUND_SERVICE" />
38-->src/main/AndroidManifest.xml:35:5-77
38-->src/main/AndroidManifest.xml:35:22-74
39    <uses-permission
39-->src/main/AndroidManifest.xml:36:5-38:38
40        android:name="android.permission.FOREGROUND_SERVICE_SPECIAL_USE"
40-->src/main/AndroidManifest.xml:37:9-73
41        android:minSdkVersion="34" />
41-->src/main/AndroidManifest.xml:38:9-35
42    <!-- <uses-permission android:name="android.permission.ACCESS_NETWORK_STATE" /> -->
43    <uses-permission android:name="android.permission.POST_NOTIFICATIONS" />
43-->src/main/AndroidManifest.xml:40:5-77
43-->src/main/AndroidManifest.xml:40:22-74
44    <uses-permission android:name="android.permission.READ_MEDIA_IMAGES" />
44-->src/main/AndroidManifest.xml:41:5-76
44-->src/main/AndroidManifest.xml:41:22-73
45    <uses-permission android:name="android.permission.RECEIVE_BOOT_COMPLETED" />
45-->src/main/AndroidManifest.xml:42:5-81
45-->src/main/AndroidManifest.xml:42:22-78
46    <uses-permission android:name="android.permission.WAKE_LOCK" />
46-->[androidx.work:work-runtime:2.11.1] AndroidManifest.xml:23:5-68
46-->[androidx.work:work-runtime:2.11.1] AndroidManifest.xml:23:22-65
47
48    <permission
48-->[androidx.core:core:1.17.0] AndroidManifest.xml:22:5-24:47
49        android:name="com.v2ray.ang.DYNAMIC_RECEIVER_NOT_EXPORTED_PERMISSION"
49-->[androidx.core:core:1.17.0] AndroidManifest.xml:23:9-81
50        android:protectionLevel="signature" />
50-->[androidx.core:core:1.17.0] AndroidManifest.xml:24:9-44
51
52    <uses-permission android:name="com.v2ray.ang.DYNAMIC_RECEIVER_NOT_EXPORTED_PERMISSION" />
52-->[androidx.core:core:1.17.0] AndroidManifest.xml:26:5-97
52-->[androidx.core:core:1.17.0] AndroidManifest.xml:26:22-94
53
54    <uses-feature
54-->[com.journeyapps:zxing-android-embedded:4.3.0] AndroidManifest.xml:28:5-30:36
55        android:name="android.hardware.camera.front"
55-->[com.journeyapps:zxing-android-embedded:4.3.0] AndroidManifest.xml:29:9-53
56        android:required="false" />
56-->[com.journeyapps:zxing-android-embedded:4.3.0] AndroidManifest.xml:30:9-33
57    <uses-feature
57-->[com.journeyapps:zxing-android-embedded:4.3.0] AndroidManifest.xml:36:5-38:36
58        android:name="android.hardware.camera.flash"
58-->[com.journeyapps:zxing-android-embedded:4.3.0] AndroidManifest.xml:37:9-53
59        android:required="false" />
59-->[com.journeyapps:zxing-android-embedded:4.3.0] AndroidManifest.xml:38:9-33
60    <uses-feature
60-->[com.journeyapps:zxing-android-embedded:4.3.0] AndroidManifest.xml:39:5-41:36
61        android:name="android.hardware.screen.landscape"
61-->[com.journeyapps:zxing-android-embedded:4.3.0] AndroidManifest.xml:40:9-57
62        android:required="false" />
62-->[com.journeyapps:zxing-android-embedded:4.3.0] AndroidManifest.xml:41:9-33
63    <uses-feature
63-->[com.journeyapps:zxing-android-embedded:4.3.0] AndroidManifest.xml:42:5-44:36
64        android:name="android.hardware.wifi"
64-->[com.journeyapps:zxing-android-embedded:4.3.0] AndroidManifest.xml:43:9-45
65        android:required="false" />
65-->[com.journeyapps:zxing-android-embedded:4.3.0] AndroidManifest.xml:44:9-33
66
67    <application
67-->src/main/AndroidManifest.xml:44:5-305:19
68        android:name="com.v2ray.ang.AngApplication"
68-->src/main/AndroidManifest.xml:45:9-39
69        android:allowBackup="true"
69-->src/main/AndroidManifest.xml:46:9-35
70        android:appComponentFactory="androidx.core.app.CoreComponentFactory"
70-->[androidx.core:core:1.17.0] AndroidManifest.xml:28:18-86
71        android:banner="@mipmap/ic_banner"
71-->src/main/AndroidManifest.xml:47:9-43
72        android:debuggable="true"
73        android:extractNativeLibs="true"
73-->INJECTED
74        android:icon="@mipmap/ic_launcher"
74-->src/main/AndroidManifest.xml:48:9-43
75        android:label="@string/app_name"
75-->src/main/AndroidManifest.xml:49:9-41
76        android:networkSecurityConfig="@xml/network_security_config"
76-->src/main/AndroidManifest.xml:50:9-69
77        android:supportsRtl="true"
77-->src/main/AndroidManifest.xml:51:9-35
78        android:theme="@style/AppThemeDayNight.NoActionBar"
78-->src/main/AndroidManifest.xml:52:9-60
79        android:usesCleartextTraffic="true" >
79-->src/main/AndroidManifest.xml:53:9-44
80        <activity
80-->src/main/AndroidManifest.xml:55:9-72:20
81            android:name="com.v2ray.ang.ui.MainActivity"
81-->src/main/AndroidManifest.xml:56:13-44
82            android:exported="true"
82-->src/main/AndroidManifest.xml:57:13-36
83            android:launchMode="singleTask" >
83-->src/main/AndroidManifest.xml:58:13-44
84            <intent-filter>
84-->src/main/AndroidManifest.xml:59:13-64:29
85                <action android:name="android.intent.action.MAIN" />
85-->src/main/AndroidManifest.xml:60:17-69
85-->src/main/AndroidManifest.xml:60:25-66
86
87                <category android:name="android.intent.category.LAUNCHER" />
87-->src/main/AndroidManifest.xml:62:17-77
87-->src/main/AndroidManifest.xml:62:27-74
88                <category android:name="android.intent.category.LEANBACK_LAUNCHER" />
88-->src/main/AndroidManifest.xml:63:17-86
88-->src/main/AndroidManifest.xml:63:27-83
89            </intent-filter>
90            <intent-filter>
90-->src/main/AndroidManifest.xml:65:13-67:29
91                <action android:name="android.service.quicksettings.action.QS_TILE_PREFERENCES" />
91-->src/main/AndroidManifest.xml:66:17-99
91-->src/main/AndroidManifest.xml:66:25-96
92            </intent-filter>
93
94            <meta-data
94-->src/main/AndroidManifest.xml:69:13-71:53
95                android:name="android.app.shortcuts"
95-->src/main/AndroidManifest.xml:70:17-53
96                android:resource="@xml/shortcuts" />
96-->src/main/AndroidManifest.xml:71:17-50
97        </activity>
98        <activity
98-->src/main/AndroidManifest.xml:73:9-76:60
99            android:name="com.v2ray.ang.ui.ServerActivity"
99-->src/main/AndroidManifest.xml:74:13-46
100            android:exported="false"
100-->src/main/AndroidManifest.xml:75:13-37
101            android:windowSoftInputMode="stateUnchanged" />
101-->src/main/AndroidManifest.xml:76:13-57
102        <activity
102-->src/main/AndroidManifest.xml:77:9-80:60
103            android:name="com.v2ray.ang.ui.ServerCustomConfigActivity"
103-->src/main/AndroidManifest.xml:78:13-58
104            android:exported="false"
104-->src/main/AndroidManifest.xml:79:13-37
105            android:windowSoftInputMode="stateUnchanged" />
105-->src/main/AndroidManifest.xml:80:13-57
106        <activity
106-->src/main/AndroidManifest.xml:81:9-84:60
107            android:name="com.v2ray.ang.ui.ServerGroupActivity"
107-->src/main/AndroidManifest.xml:82:13-51
108            android:exported="false"
108-->src/main/AndroidManifest.xml:83:13-37
109            android:windowSoftInputMode="stateUnchanged" />
109-->src/main/AndroidManifest.xml:84:13-57
110        <activity
110-->src/main/AndroidManifest.xml:85:9-87:40
111            android:name="com.v2ray.ang.ui.SettingsActivity"
111-->src/main/AndroidManifest.xml:86:13-48
112            android:exported="false" />
112-->src/main/AndroidManifest.xml:87:13-37
113        <activity
113-->src/main/AndroidManifest.xml:88:9-90:40
114            android:name="com.v2ray.ang.ui.PerAppProxyActivity"
114-->src/main/AndroidManifest.xml:89:13-51
115            android:exported="false" />
115-->src/main/AndroidManifest.xml:90:13-37
116        <activity
116-->src/main/AndroidManifest.xml:91:9-93:40
117            android:name="com.v2ray.ang.ui.ScannerActivity"
117-->src/main/AndroidManifest.xml:92:13-47
118            android:exported="false" />
118-->src/main/AndroidManifest.xml:93:13-37
119        <activity
119-->src/main/AndroidManifest.xml:94:9-96:40
120            android:name="com.v2ray.ang.ui.LogcatActivity"
120-->src/main/AndroidManifest.xml:95:13-46
121            android:exported="false" />
121-->src/main/AndroidManifest.xml:96:13-37
122        <activity
122-->src/main/AndroidManifest.xml:97:9-99:40
123            android:name="com.v2ray.ang.ui.RoutingSettingActivity"
123-->src/main/AndroidManifest.xml:98:13-54
124            android:exported="false" />
124-->src/main/AndroidManifest.xml:99:13-37
125        <activity
125-->src/main/AndroidManifest.xml:100:9-102:40
126            android:name="com.v2ray.ang.ui.RoutingEditActivity"
126-->src/main/AndroidManifest.xml:101:13-51
127            android:exported="false" />
127-->src/main/AndroidManifest.xml:102:13-37
128        <activity
128-->src/main/AndroidManifest.xml:103:9-105:40
129            android:name="com.v2ray.ang.ui.SubSettingActivity"
129-->src/main/AndroidManifest.xml:104:13-50
130            android:exported="false" />
130-->src/main/AndroidManifest.xml:105:13-37
131        <activity
131-->src/main/AndroidManifest.xml:106:9-108:40
132            android:name="com.v2ray.ang.ui.UserAssetActivity"
132-->src/main/AndroidManifest.xml:107:13-49
133            android:exported="false" />
133-->src/main/AndroidManifest.xml:108:13-37
134        <activity
134-->src/main/AndroidManifest.xml:109:9-111:40
135            android:name="com.v2ray.ang.ui.UserAssetUrlActivity"
135-->src/main/AndroidManifest.xml:110:13-52
136            android:exported="false" />
136-->src/main/AndroidManifest.xml:111:13-37
137        <activity
137-->src/main/AndroidManifest.xml:113:9-115:40
138            android:name="com.v2ray.ang.ui.SubEditActivity"
138-->src/main/AndroidManifest.xml:114:13-47
139            android:exported="false" />
139-->src/main/AndroidManifest.xml:115:13-37
140        <activity
140-->src/main/AndroidManifest.xml:116:9-118:40
141            android:name="com.v2ray.ang.ui.ScScannerActivity"
141-->src/main/AndroidManifest.xml:117:13-49
142            android:exported="false" />
142-->src/main/AndroidManifest.xml:118:13-37
143        <activity
143-->src/main/AndroidManifest.xml:119:9-124:79
144            android:name="com.v2ray.ang.ui.ScSwitchActivity"
144-->src/main/AndroidManifest.xml:120:13-48
145            android:excludeFromRecents="true"
145-->src/main/AndroidManifest.xml:121:13-46
146            android:exported="false"
146-->src/main/AndroidManifest.xml:122:13-37
147            android:process=":RunSoLibV2RayDaemon"
147-->src/main/AndroidManifest.xml:123:13-51
148            android:theme="@style/AppThemeDayNight.NoActionBar.Translucent" />
148-->src/main/AndroidManifest.xml:124:13-76
149        <activity
149-->src/main/AndroidManifest.xml:126:9-144:20
150            android:name="com.v2ray.ang.ui.UrlSchemeActivity"
150-->src/main/AndroidManifest.xml:127:13-49
151            android:exported="true" >
151-->src/main/AndroidManifest.xml:128:13-36
152            <intent-filter>
152-->src/main/AndroidManifest.xml:129:13-133:29
153                <action android:name="android.intent.action.SEND" />
153-->src/main/AndroidManifest.xml:130:17-69
153-->src/main/AndroidManifest.xml:130:25-66
154
155                <category android:name="android.intent.category.DEFAULT" />
155-->src/main/AndroidManifest.xml:131:17-76
155-->src/main/AndroidManifest.xml:131:27-73
156
157                <data android:mimeType="text/plain" />
157-->src/main/AndroidManifest.xml:132:17-55
157-->src/main/AndroidManifest.xml:132:23-52
158            </intent-filter>
159            <intent-filter>
159-->src/main/AndroidManifest.xml:134:13-143:29
160                <action android:name="android.intent.action.VIEW" />
160-->src/main/AndroidManifest.xml:135:17-69
160-->src/main/AndroidManifest.xml:135:25-66
161
162                <category android:name="android.intent.category.BROWSABLE" />
162-->src/main/AndroidManifest.xml:137:17-78
162-->src/main/AndroidManifest.xml:137:27-75
163                <category android:name="android.intent.category.DEFAULT" />
163-->src/main/AndroidManifest.xml:131:17-76
163-->src/main/AndroidManifest.xml:131:27-73
164
165                <data android:scheme="v2rayng" />
165-->src/main/AndroidManifest.xml:132:17-55
165-->src/main/AndroidManifest.xml:140:23-47
166                <data android:host="install-config" />
166-->src/main/AndroidManifest.xml:132:17-55
166-->src/main/AndroidManifest.xml:141:23-52
167                <data android:host="install-sub" />
167-->src/main/AndroidManifest.xml:132:17-55
167-->src/main/AndroidManifest.xml:141:23-52
168            </intent-filter>
169        </activity>
170        <activity
170-->src/main/AndroidManifest.xml:145:9-147:40
171            android:name="com.v2ray.ang.ui.CheckUpdateActivity"
171-->src/main/AndroidManifest.xml:146:13-51
172            android:exported="false" />
172-->src/main/AndroidManifest.xml:147:13-37
173        <activity
173-->src/main/AndroidManifest.xml:148:9-150:40
174            android:name="com.v2ray.ang.ui.BackupActivity"
174-->src/main/AndroidManifest.xml:149:13-46
175            android:exported="false" />
175-->src/main/AndroidManifest.xml:150:13-37
176        <activity
176-->src/main/AndroidManifest.xml:151:9-153:40
177            android:name="com.v2ray.ang.ui.AboutActivity"
177-->src/main/AndroidManifest.xml:152:13-45
178            android:exported="false" />
178-->src/main/AndroidManifest.xml:153:13-37
179        <activity
179-->src/main/AndroidManifest.xml:154:9-158:67
180            android:name="com.v2ray.ang.plans.PlansActivity"
180-->src/main/AndroidManifest.xml:155:13-48
181            android:label="@string/title_plans"
181-->src/main/AndroidManifest.xml:156:13-48
182            android:parentActivityName="com.v2ray.ang.ui.MainActivity"
182-->src/main/AndroidManifest.xml:157:13-58
183            android:theme="@style/AppThemeDayNight.NoActionBar" />
183-->src/main/AndroidManifest.xml:158:13-64
184        <activity
184-->src/main/AndroidManifest.xml:159:9-163:67
185            android:name="com.v2ray.ang.plans.PaymentActivity"
185-->src/main/AndroidManifest.xml:160:13-50
186            android:label="@string/title_payment"
186-->src/main/AndroidManifest.xml:161:13-50
187            android:parentActivityName="com.v2ray.ang.plans.PlansActivity"
187-->src/main/AndroidManifest.xml:162:13-62
188            android:theme="@style/AppThemeDayNight.NoActionBar" />
188-->src/main/AndroidManifest.xml:163:13-64
189        <activity
189-->src/main/AndroidManifest.xml:164:9-168:67
190            android:name="com.v2ray.ang.payment.ui.activity.UserProfileActivity"
190-->src/main/AndroidManifest.xml:165:13-68
191            android:label="@string/user_profile"
191-->src/main/AndroidManifest.xml:166:13-49
192            android:parentActivityName="com.v2ray.ang.ui.MainActivity"
192-->src/main/AndroidManifest.xml:167:13-58
193            android:theme="@style/AppThemeDayNight.NoActionBar" />
193-->src/main/AndroidManifest.xml:168:13-64
194        <activity
194-->src/main/AndroidManifest.xml:169:9-172:67
195            android:name="com.v2ray.ang.payment.ui.activity.LoginActivity"
195-->src/main/AndroidManifest.xml:170:13-62
196            android:label="@string/login"
196-->src/main/AndroidManifest.xml:171:13-42
197            android:theme="@style/AppThemeDayNight.NoActionBar" />
197-->src/main/AndroidManifest.xml:172:13-64
198        <activity
198-->src/main/AndroidManifest.xml:173:9-177:67
199            android:name="com.v2ray.ang.payment.ui.activity.InvitationCenterActivity"
199-->src/main/AndroidManifest.xml:174:13-73
200            android:label="@string/title_invitation_center"
200-->src/main/AndroidManifest.xml:175:13-60
201            android:parentActivityName="com.v2ray.ang.ui.MainActivity"
201-->src/main/AndroidManifest.xml:176:13-58
202            android:theme="@style/AppThemeDayNight.NoActionBar" />
202-->src/main/AndroidManifest.xml:177:13-64
203        <activity
203-->src/main/AndroidManifest.xml:178:9-182:67
204            android:name="com.v2ray.ang.payment.ui.activity.CommissionLedgerActivity"
204-->src/main/AndroidManifest.xml:179:13-73
205            android:label="@string/title_commission_ledger"
205-->src/main/AndroidManifest.xml:180:13-60
206            android:parentActivityName="com.v2ray.ang.ui.MainActivity"
206-->src/main/AndroidManifest.xml:181:13-58
207            android:theme="@style/AppThemeDayNight.NoActionBar" />
207-->src/main/AndroidManifest.xml:182:13-64
208        <activity
208-->src/main/AndroidManifest.xml:183:9-187:67
209            android:name="com.v2ray.ang.payment.ui.activity.WithdrawalActivity"
209-->src/main/AndroidManifest.xml:184:13-67
210            android:label="@string/title_withdrawal"
210-->src/main/AndroidManifest.xml:185:13-53
211            android:parentActivityName="com.v2ray.ang.ui.MainActivity"
211-->src/main/AndroidManifest.xml:186:13-58
212            android:theme="@style/AppThemeDayNight.NoActionBar" />
212-->src/main/AndroidManifest.xml:187:13-64
213
214        <service
214-->src/main/AndroidManifest.xml:189:9-207:19
215            android:name="com.v2ray.ang.service.V2RayVpnService"
215-->src/main/AndroidManifest.xml:190:13-52
216            android:enabled="true"
216-->src/main/AndroidManifest.xml:191:13-35
217            android:exported="false"
217-->src/main/AndroidManifest.xml:192:13-37
218            android:foregroundServiceType="specialUse"
218-->src/main/AndroidManifest.xml:193:13-55
219            android:label="@string/app_name"
219-->src/main/AndroidManifest.xml:194:13-45
220            android:permission="android.permission.BIND_VPN_SERVICE"
220-->src/main/AndroidManifest.xml:195:13-69
221            android:process=":RunSoLibV2RayDaemon" >
221-->src/main/AndroidManifest.xml:196:13-51
222            <intent-filter>
222-->src/main/AndroidManifest.xml:198:13-200:29
223                <action android:name="android.net.VpnService" />
223-->src/main/AndroidManifest.xml:199:17-65
223-->src/main/AndroidManifest.xml:199:25-62
224            </intent-filter>
225
226            <meta-data
226-->src/main/AndroidManifest.xml:201:13-203:40
227                android:name="android.net.VpnService.SUPPORTS_ALWAYS_ON"
227-->src/main/AndroidManifest.xml:202:17-73
228                android:value="true" />
228-->src/main/AndroidManifest.xml:203:17-37
229
230            <property
230-->src/main/AndroidManifest.xml:204:13-206:39
231                android:name="android.app.PROPERTY_SPECIAL_USE_FGS_SUBTYPE"
231-->src/main/AndroidManifest.xml:205:17-76
232                android:value="vpn" />
232-->src/main/AndroidManifest.xml:206:17-36
233        </service>
234        <service
234-->src/main/AndroidManifest.xml:209:9-218:19
235            android:name="com.v2ray.ang.service.V2RayProxyOnlyService"
235-->src/main/AndroidManifest.xml:210:13-58
236            android:exported="false"
236-->src/main/AndroidManifest.xml:211:13-37
237            android:foregroundServiceType="specialUse"
237-->src/main/AndroidManifest.xml:212:13-55
238            android:label="@string/app_name"
238-->src/main/AndroidManifest.xml:213:13-45
239            android:process=":RunSoLibV2RayDaemon" >
239-->src/main/AndroidManifest.xml:214:13-51
240            <property
240-->src/main/AndroidManifest.xml:204:13-206:39
241                android:name="android.app.PROPERTY_SPECIAL_USE_FGS_SUBTYPE"
241-->src/main/AndroidManifest.xml:205:17-76
242                android:value="proxy" />
242-->src/main/AndroidManifest.xml:206:17-36
243        </service>
244        <service
244-->src/main/AndroidManifest.xml:220:9-223:54
245            android:name="com.v2ray.ang.service.V2RayTestService"
245-->src/main/AndroidManifest.xml:221:13-53
246            android:exported="false"
246-->src/main/AndroidManifest.xml:222:13-37
247            android:process=":RunSoLibV2RayDaemon" />
247-->src/main/AndroidManifest.xml:223:13-51
248
249        <receiver
249-->src/main/AndroidManifest.xml:225:9-237:20
250            android:name="com.v2ray.ang.receiver.WidgetProvider"
250-->src/main/AndroidManifest.xml:226:13-52
251            android:exported="true"
251-->src/main/AndroidManifest.xml:227:13-36
252            android:process=":RunSoLibV2RayDaemon" >
252-->src/main/AndroidManifest.xml:228:13-51
253            <meta-data
253-->src/main/AndroidManifest.xml:229:13-231:63
254                android:name="android.appwidget.provider"
254-->src/main/AndroidManifest.xml:230:17-58
255                android:resource="@xml/app_widget_provider" />
255-->src/main/AndroidManifest.xml:231:17-60
256
257            <intent-filter>
257-->src/main/AndroidManifest.xml:232:13-236:29
258                <action android:name="android.appwidget.action.APPWIDGET_UPDATE" />
258-->src/main/AndroidManifest.xml:233:17-84
258-->src/main/AndroidManifest.xml:233:25-81
259                <action android:name="com.v2ray.ang.action.widget.click" />
259-->INJECTED
259-->INJECTED
260                <action android:name="com.v2ray.ang.action.activity" />
260-->INJECTED
260-->INJECTED
261            </intent-filter>
262        </receiver>
263        <receiver
263-->src/main/AndroidManifest.xml:238:9-245:20
264            android:name="com.v2ray.ang.receiver.BootReceiver"
264-->src/main/AndroidManifest.xml:239:13-50
265            android:exported="true"
265-->src/main/AndroidManifest.xml:240:13-36
266            android:label="BootReceiver" >
266-->src/main/AndroidManifest.xml:241:13-41
267            <intent-filter>
267-->src/main/AndroidManifest.xml:242:13-244:29
268                <action android:name="android.intent.action.BOOT_COMPLETED" />
268-->src/main/AndroidManifest.xml:243:17-79
268-->src/main/AndroidManifest.xml:243:25-76
269            </intent-filter>
270        </receiver>
271
272        <service
272-->src/main/AndroidManifest.xml:247:9-261:19
273            android:name="com.v2ray.ang.service.QSTileService"
273-->src/main/AndroidManifest.xml:248:13-50
274            android:exported="true"
274-->src/main/AndroidManifest.xml:249:13-36
275            android:foregroundServiceType="specialUse"
275-->src/main/AndroidManifest.xml:250:13-55
276            android:icon="@drawable/ic_stat_name"
276-->src/main/AndroidManifest.xml:251:13-50
277            android:label="@string/app_tile_name"
277-->src/main/AndroidManifest.xml:252:13-50
278            android:permission="android.permission.BIND_QUICK_SETTINGS_TILE"
278-->src/main/AndroidManifest.xml:253:13-77
279            android:process=":RunSoLibV2RayDaemon" >
279-->src/main/AndroidManifest.xml:254:13-51
280            <intent-filter>
280-->src/main/AndroidManifest.xml:255:13-257:29
281                <action android:name="android.service.quicksettings.action.QS_TILE" />
281-->src/main/AndroidManifest.xml:256:17-87
281-->src/main/AndroidManifest.xml:256:25-84
282            </intent-filter>
283
284            <property
284-->src/main/AndroidManifest.xml:204:13-206:39
285                android:name="android.app.PROPERTY_SPECIAL_USE_FGS_SUBTYPE"
285-->src/main/AndroidManifest.xml:205:17-76
286                android:value="tile" />
286-->src/main/AndroidManifest.xml:206:17-36
287        </service>
288        <!-- =====================Tasker===================== -->
289        <activity
289-->src/main/AndroidManifest.xml:263:9-270:20
290            android:name="com.v2ray.ang.ui.TaskerActivity"
290-->src/main/AndroidManifest.xml:264:13-46
291            android:exported="true"
291-->src/main/AndroidManifest.xml:265:13-36
292            android:icon="@mipmap/ic_launcher" >
292-->src/main/AndroidManifest.xml:266:13-47
293            <intent-filter>
293-->src/main/AndroidManifest.xml:267:13-269:29
294                <action android:name="com.twofortyfouram.locale.intent.action.EDIT_SETTING" />
294-->src/main/AndroidManifest.xml:268:17-95
294-->src/main/AndroidManifest.xml:268:25-92
295            </intent-filter>
296        </activity>
297
298        <receiver
298-->src/main/AndroidManifest.xml:272:9-280:20
299            android:name="com.v2ray.ang.receiver.TaskerReceiver"
299-->src/main/AndroidManifest.xml:273:13-52
300            android:exported="true"
300-->src/main/AndroidManifest.xml:274:13-36
301            android:process=":RunSoLibV2RayDaemon" >
301-->src/main/AndroidManifest.xml:275:13-51
302            <intent-filter>
302-->src/main/AndroidManifest.xml:277:13-279:29
303                <action android:name="com.twofortyfouram.locale.intent.action.FIRE_SETTING" />
303-->src/main/AndroidManifest.xml:278:17-95
303-->src/main/AndroidManifest.xml:278:25-92
304            </intent-filter>
305        </receiver>
306        <!-- =====================Tasker===================== -->
307        <provider
307-->INJECTED
308            android:name="androidx.startup.InitializationProvider"
308-->src/main/AndroidManifest.xml:283:13-67
309            android:authorities="com.v2ray.ang.androidx-startup"
309-->INJECTED
310            android:exported="false" >
310-->src/main/AndroidManifest.xml:285:13-37
311            <meta-data
311-->[androidx.emoji2:emoji2:1.3.0] AndroidManifest.xml:29:13-31:52
312                android:name="androidx.emoji2.text.EmojiCompatInitializer"
312-->[androidx.emoji2:emoji2:1.3.0] AndroidManifest.xml:30:17-75
313                android:value="androidx.startup" />
313-->[androidx.emoji2:emoji2:1.3.0] AndroidManifest.xml:31:17-49
314            <meta-data
314-->[androidx.lifecycle:lifecycle-process:2.10.0] AndroidManifest.xml:29:13-31:52
315                android:name="androidx.lifecycle.ProcessLifecycleInitializer"
315-->[androidx.lifecycle:lifecycle-process:2.10.0] AndroidManifest.xml:30:17-78
316                android:value="androidx.startup" />
316-->[androidx.lifecycle:lifecycle-process:2.10.0] AndroidManifest.xml:31:17-49
317            <meta-data
317-->[androidx.profileinstaller:profileinstaller:1.4.1] AndroidManifest.xml:29:13-31:52
318                android:name="androidx.profileinstaller.ProfileInstallerInitializer"
318-->[androidx.profileinstaller:profileinstaller:1.4.1] AndroidManifest.xml:30:17-85
319                android:value="androidx.startup" />
319-->[androidx.profileinstaller:profileinstaller:1.4.1] AndroidManifest.xml:31:17-49
320            <meta-data
320-->[com.squareup.okhttp3:okhttp-android:5.3.2] AndroidManifest.xml:16:13-18:52
321                android:name="okhttp3.internal.platform.PlatformInitializer"
321-->[com.squareup.okhttp3:okhttp-android:5.3.2] AndroidManifest.xml:17:17-77
322                android:value="androidx.startup" />
322-->[com.squareup.okhttp3:okhttp-android:5.3.2] AndroidManifest.xml:18:17-49
323        </provider>
324        <provider
324-->INJECTED
325            android:name="androidx.core.content.FileProvider"
325-->src/main/AndroidManifest.xml:296:13-62
326            android:authorities="com.v2ray.ang.cache"
326-->INJECTED
327            android:exported="false"
327-->src/main/AndroidManifest.xml:298:13-37
328            android:grantUriPermissions="true" >
328-->src/main/AndroidManifest.xml:299:13-47
329            <meta-data
329-->src/main/AndroidManifest.xml:300:13-302:55
330                android:name="android.support.FILE_PROVIDER_PATHS"
330-->src/main/AndroidManifest.xml:301:17-67
331                android:resource="@xml/cache_paths" />
331-->src/main/AndroidManifest.xml:302:17-52
332        </provider>
333
334        <activity